<?xml version="1.0" encoding="utf-8"?><testsuites name="pytest tests"><testsuite name="pytest" errors="0" failures="0" skipped="0" tests="25" time="3.141" timestamp="2026-04-30T08:10:08.952748+00:00" hostname="agent-env-c2535296-5c50-4de4-ae14-c799e9f02704"><testcase classname="backend.tests.test_timber_backend.TestAuth" name="test_signup_returns_token_and_user" time="0.379" /><testcase classname="backend.tests.test_timber_backend.TestAuth" name="test_signup_duplicate_username" time="0.048" /><testcase classname="backend.tests.test_timber_backend.TestAuth" name="test_login_correct" time="0.266" /><testcase classname="backend.tests.test_timber_backend.TestAuth" name="test_login_wrong" time="0.268" /><testcase classname="backend.tests.test_timber_backend.TestAuth" name="test_me_with_token" time="0.045" /><testcase classname="backend.tests.test_timber_backend.TestAuth" name="test_me_missing_token" time="0.043" /><testcase classname="backend.tests.test_timber_backend.TestAuth" name="test_me_bad_token" time="0.044" /><testcase classname="backend.tests.test_timber_backend.TestPurchases" name="test_create_requires_container" time="0.044" /><testcase classname="backend.tests.test_timber_backend.TestPurchases" name="test_create_duplicate_bl" time="0.091" /><testcase classname="backend.tests.test_timber_backend.TestPurchases" name="test_list_only_own" time="0.360" /><testcase classname="backend.tests.test_timber_backend.TestPurchases" name="test_get_purchase_with_containers" time="0.054" /><testcase classname="backend.tests.test_timber_backend.TestPurchases" name="test_get_purchase_user_b_isolated" time="0.042" /><testcase classname="backend.tests.test_timber_backend.TestPurchases" name="test_update_and_add_containers" time="0.097" /><testcase classname="backend.tests.test_timber_backend.TestMeasurements" name="test_get_container_initial" time="0.102" /><testcase classname="backend.tests.test_timber_backend.TestMeasurements" name="test_user_b_cannot_access_container" time="0.043" /><testcase classname="backend.tests.test_timber_backend.TestMeasurements" name="test_save_measurements_with_calc" time="0.094" /><testcase classname="backend.tests.test_timber_backend.TestMeasurements" name="test_delete_with_measurements_rejected" time="0.046" /><testcase classname="backend.tests.test_timber_backend.TestMeasurements" name="test_save_more_increments_log_number" time="0.093" /><testcase classname="backend.tests.test_timber_backend.TestMeasurements" name="test_toggle_complete_off" time="0.096" /><testcase classname="backend.tests.test_timber_backend.TestMeasurements" name="test_clear_measurements" time="0.089" /><testcase classname="backend.tests.test_timber_backend.TestMeasurements" name="test_delete_empty_container_succeeds" time="0.046" /><testcase classname="backend.tests.test_timber_backend.TestDashboard" name="test_summary_basic" time="0.153" /><testcase classname="backend.tests.test_timber_backend.TestDashboard" name="test_summary_filters" time="0.135" /><testcase classname="backend.tests.test_timber_backend.TestDashboard" name="test_summary_user_b_isolated" time="0.046" /><testcase classname="backend.tests.test_timber_backend.TestCascadeDelete" name="test_delete_purchase_cascades" time="0.310" /></testsuite></testsuites>